<?xml version="1.0" encoding="UTF-8"?>
<!-- Generated by org.testng.reporters.JUnitReportReporter -->
<testsuite hostname="LAPTOP-668BP5IR" failures="0" tests="1" name="songplayedstoretest.PlayedStoreTest" time="0.015" errors="0" timestamp="2023-06-03T08:10:27 IST" skipped="0">
  <testcase classname="songplayedstoretest.PlayedStoreTest" name="testAddSongWithCapacityExceeded" time="0.015"/>
  <system-out/>
</testsuite> <!-- songplayedstoretest.PlayedStoreTest -->
